[25-Jul-2023 16:27:47 UTC] PHP Deprecated:  Constant FILTER_SANITIZE_STRING is deprecated in C:\laragon\www\wpproject\wp-content\plugins\wp-rest-api-controller\admin\class-wp-rest-api-controller-admin.php on line 123
[25-Jul-2023 16:30:40 UTC] PHP Deprecated:  Constant FILTER_SANITIZE_STRING is deprecated in C:\laragon\www\wpproject\wp-content\plugins\wp-rest-api-controller\admin\class-wp-rest-api-controller-admin.php on line 123
[25-Jul-2023 16:31:21 UTC] PHP Deprecated:  Constant FILTER_SANITIZE_STRING is deprecated in C:\laragon\www\wpproject\wp-content\plugins\wp-rest-api-controller\admin\class-wp-rest-api-controller-admin.php on line 123
[25-Jul-2023 16:31:21 UTC] PHP Deprecated:  Constant FILTER_SANITIZE_STRING is deprecated in C:\laragon\www\wpproject\wp-content\plugins\wp-rest-api-controller\admin\class-wp-rest-api-controller-admin.php on line 123
[25-Jul-2023 16:32:43 UTC] PHP Deprecated:  Constant FILTER_SANITIZE_STRING is deprecated in C:\laragon\www\wpproject\wp-content\plugins\wp-rest-api-controller\admin\class-wp-rest-api-controller-admin.php on line 123
[25-Jul-2023 16:32:49 UTC] PHP Deprecated:  Constant FILTER_SANITIZE_STRING is deprecated in C:\laragon\www\wpproject\wp-content\plugins\wp-rest-api-controller\admin\class-wp-rest-api-controller-admin.php on line 123
[25-Jul-2023 16:33:04 UTC] PHP Deprecated:  Constant FILTER_SANITIZE_STRING is deprecated in C:\laragon\www\wpproject\wp-content\plugins\wp-rest-api-controller\admin\class-wp-rest-api-controller-admin.php on line 123
[25-Jul-2023 16:34:06 UTC] PHP Deprecated:  Constant FILTER_SANITIZE_STRING is deprecated in C:\laragon\www\wpproject\wp-content\plugins\wp-rest-api-controller\admin\class-wp-rest-api-controller-admin.php on line 123
[25-Jul-2023 16:34:55 UTC] PHP Deprecated:  Constant FILTER_SANITIZE_STRING is deprecated in C:\laragon\www\wpproject\wp-content\plugins\wp-rest-api-controller\admin\class-wp-rest-api-controller-admin.php on line 123
[26-Jul-2023 10:46:01 UTC] PHP Deprecated:  Constant FILTER_SANITIZE_STRING is deprecated in C:\laragon\www\wpproject\wp-content\plugins\wp-rest-api-controller\admin\class-wp-rest-api-controller-admin.php on line 123
[26-Jul-2023 10:47:03 UTC] PHP Deprecated:  Constant FILTER_SANITIZE_STRING is deprecated in C:\laragon\www\wpproject\wp-content\plugins\wp-rest-api-controller\admin\class-wp-rest-api-controller-admin.php on line 123
[26-Jul-2023 11:10:20 UTC] PHP Deprecated:  Constant FILTER_SANITIZE_STRING is deprecated in C:\laragon\www\wpproject\wp-content\plugins\wp-rest-api-controller\admin\class-wp-rest-api-controller-admin.php on line 123
[26-Jul-2023 11:10:37 UTC] PHP Deprecated:  Constant FILTER_SANITIZE_STRING is deprecated in C:\laragon\www\wpproject\wp-content\plugins\wp-rest-api-controller\admin\class-wp-rest-api-controller-admin.php on line 123
[26-Jul-2023 11:11:23 UTC] PHP Deprecated:  Constant FILTER_SANITIZE_STRING is deprecated in C:\laragon\www\wpproject\wp-content\plugins\wp-rest-api-controller\admin\class-wp-rest-api-controller-admin.php on line 123
[26-Jul-2023 11:28:02 UTC] PHP Deprecated:  Constant FILTER_SANITIZE_STRING is deprecated in C:\laragon\www\wpproject\wp-content\plugins\wp-rest-api-controller\admin\class-wp-rest-api-controller-admin.php on line 123
[26-Jul-2023 11:30:08 UTC] PHP Deprecated:  Constant FILTER_SANITIZE_STRING is deprecated in C:\laragon\www\wpproject\wp-content\plugins\wp-rest-api-controller\admin\class-wp-rest-api-controller-admin.php on line 123
[26-Jul-2023 11:31:49 UTC] PHP Deprecated:  Constant FILTER_SANITIZE_STRING is deprecated in C:\laragon\www\wpproject\wp-content\plugins\wp-rest-api-controller\admin\class-wp-rest-api-controller-admin.php on line 123
[26-Jul-2023 11:45:58 UTC] PHP Deprecated:  Constant FILTER_SANITIZE_STRING is deprecated in C:\laragon\www\wpproject\wp-content\plugins\wp-rest-api-controller\admin\class-wp-rest-api-controller-admin.php on line 123
[26-Jul-2023 11:46:30 UTC] PHP Deprecated:  Constant FILTER_SANITIZE_STRING is deprecated in C:\laragon\www\wpproject\wp-content\plugins\wp-rest-api-controller\admin\class-wp-rest-api-controller-admin.php on line 123
[26-Jul-2023 11:47:16 UTC] PHP Deprecated:  Constant FILTER_SANITIZE_STRING is deprecated in C:\laragon\www\wpproject\wp-content\plugins\wp-rest-api-controller\admin\class-wp-rest-api-controller-admin.php on line 123
[26-Jul-2023 11:47:37 UTC] PHP Deprecated:  Constant FILTER_SANITIZE_STRING is deprecated in C:\laragon\www\wpproject\wp-content\plugins\wp-rest-api-controller\admin\class-wp-rest-api-controller-admin.php on line 123
[26-Jul-2023 11:47:40 UTC] PHP Deprecated:  Constant FILTER_SANITIZE_STRING is deprecated in C:\laragon\www\wpproject\wp-content\plugins\wp-rest-api-controller\admin\class-wp-rest-api-controller-admin.php on line 123
[26-Jul-2023 11:47:44 UTC] PHP Deprecated:  Constant FILTER_SANITIZE_STRING is deprecated in C:\laragon\www\wpproject\wp-content\plugins\wp-rest-api-controller\admin\class-wp-rest-api-controller-admin.php on line 123
[26-Jul-2023 11:53:07 UTC] PHP Deprecated:  Constant FILTER_SANITIZE_STRING is deprecated in C:\laragon\www\wpproject\wp-content\plugins\wp-rest-api-controller\admin\class-wp-rest-api-controller-admin.php on line 123
[26-Jul-2023 11:53:26 UTC] PHP Deprecated:  Constant FILTER_SANITIZE_STRING is deprecated in C:\laragon\www\wpproject\wp-content\plugins\wp-rest-api-controller\admin\class-wp-rest-api-controller-admin.php on line 123
[26-Jul-2023 11:53:37 UTC] PHP Deprecated:  Constant FILTER_SANITIZE_STRING is deprecated in C:\laragon\www\wpproject\wp-content\plugins\wp-rest-api-controller\admin\class-wp-rest-api-controller-admin.php on line 123
[26-Jul-2023 11:53:58 UTC] PHP Deprecated:  Constant FILTER_SANITIZE_STRING is deprecated in C:\laragon\www\wpproject\wp-content\plugins\wp-rest-api-controller\admin\class-wp-rest-api-controller-admin.php on line 123
[26-Jul-2023 11:54:38 UTC] PHP Deprecated:  Constant FILTER_SANITIZE_STRING is deprecated in C:\laragon\www\wpproject\wp-content\plugins\wp-rest-api-controller\admin\class-wp-rest-api-controller-admin.php on line 123
[26-Jul-2023 11:54:43 UTC] PHP Deprecated:  Constant FILTER_SANITIZE_STRING is deprecated in C:\laragon\www\wpproject\wp-content\plugins\wp-rest-api-controller\admin\class-wp-rest-api-controller-admin.php on line 123
[26-Jul-2023 11:58:21 UTC] PHP Deprecated:  Constant FILTER_SANITIZE_STRING is deprecated in C:\laragon\www\wpproject\wp-content\plugins\wp-rest-api-controller\admin\class-wp-rest-api-controller-admin.php on line 123
[26-Jul-2023 11:58:57 UTC] PHP Deprecated:  Constant FILTER_SANITIZE_STRING is deprecated in C:\laragon\www\wpproject\wp-content\plugins\wp-rest-api-controller\admin\class-wp-rest-api-controller-admin.php on line 123
[26-Jul-2023 11:59:39 UTC] PHP Deprecated:  Constant FILTER_SANITIZE_STRING is deprecated in C:\laragon\www\wpproject\wp-content\plugins\wp-rest-api-controller\admin\class-wp-rest-api-controller-admin.php on line 123
[26-Jul-2023 12:02:37 UTC] PHP Deprecated:  Constant FILTER_SANITIZE_STRING is deprecated in C:\laragon\www\wpproject\wp-content\plugins\wp-rest-api-controller\admin\class-wp-rest-api-controller-admin.php on line 123
[26-Jul-2023 12:04:20 UTC] PHP Deprecated:  Constant FILTER_SANITIZE_STRING is deprecated in C:\laragon\www\wpproject\wp-content\plugins\wp-rest-api-controller\admin\class-wp-rest-api-controller-admin.php on line 123
[26-Jul-2023 12:07:45 UTC] PHP Deprecated:  Constant FILTER_SANITIZE_STRING is deprecated in C:\laragon\www\wpproject\wp-content\plugins\wp-rest-api-controller\admin\class-wp-rest-api-controller-admin.php on line 123
[26-Jul-2023 12:07:55 UTC] PHP Deprecated:  Constant FILTER_SANITIZE_STRING is deprecated in C:\laragon\www\wpproject\wp-content\plugins\wp-rest-api-controller\admin\class-wp-rest-api-controller-admin.php on line 123
[26-Jul-2023 12:08:00 UTC] PHP Deprecated:  Constant FILTER_SANITIZE_STRING is deprecated in C:\laragon\www\wpproject\wp-content\plugins\wp-rest-api-controller\admin\class-wp-rest-api-controller-admin.php on line 123
[26-Jul-2023 12:08:07 UTC] PHP Deprecated:  Constant FILTER_SANITIZE_STRING is deprecated in C:\laragon\www\wpproject\wp-content\plugins\wp-rest-api-controller\admin\class-wp-rest-api-controller-admin.php on line 123
[26-Jul-2023 12:08:13 UTC] PHP Deprecated:  Constant FILTER_SANITIZE_STRING is deprecated in C:\laragon\www\wpproject\wp-content\plugins\wp-rest-api-controller\admin\class-wp-rest-api-controller-admin.php on line 123
[26-Jul-2023 12:08:16 UTC] PHP Deprecated:  Constant FILTER_SANITIZE_STRING is deprecated in C:\laragon\www\wpproject\wp-content\plugins\wp-rest-api-controller\admin\class-wp-rest-api-controller-admin.php on line 123
[26-Jul-2023 12:08:39 UTC] PHP Deprecated:  Constant FILTER_SANITIZE_STRING is deprecated in C:\laragon\www\wpproject\wp-content\plugins\wp-rest-api-controller\admin\class-wp-rest-api-controller-admin.php on line 123
[26-Jul-2023 12:08:48 UTC] PHP Deprecated:  Constant FILTER_SANITIZE_STRING is deprecated in C:\laragon\www\wpproject\wp-content\plugins\wp-rest-api-controller\admin\class-wp-rest-api-controller-admin.php on line 123
[26-Jul-2023 12:09:49 UTC] PHP Warning:  Undefined array key "taxonomy" in C:\laragon\www\wpproject\wp-content\plugins\rest-api-head-tags\includes\hooks\class-frontity-headtags-taxonomy-hooks.php on line 58
[26-Jul-2023 12:10:26 UTC] PHP Deprecated:  Constant FILTER_SANITIZE_STRING is deprecated in C:\laragon\www\wpproject\wp-content\plugins\wp-rest-api-controller\admin\class-wp-rest-api-controller-admin.php on line 123
[26-Jul-2023 12:10:28 UTC] PHP Deprecated:  Constant FILTER_SANITIZE_STRING is deprecated in C:\laragon\www\wpproject\wp-content\plugins\wp-rest-api-controller\admin\class-wp-rest-api-controller-admin.php on line 123
[26-Jul-2023 12:10:32 UTC] PHP Deprecated:  Constant FILTER_SANITIZE_STRING is deprecated in C:\laragon\www\wpproject\wp-content\plugins\wp-rest-api-controller\admin\class-wp-rest-api-controller-admin.php on line 123
[26-Jul-2023 12:10:46 UTC] PHP Deprecated:  Constant FILTER_SANITIZE_STRING is deprecated in C:\laragon\www\wpproject\wp-content\plugins\wp-rest-api-controller\admin\class-wp-rest-api-controller-admin.php on line 123
[26-Jul-2023 12:11:27 UTC] PHP Deprecated:  Constant FILTER_SANITIZE_STRING is deprecated in C:\laragon\www\wpproject\wp-content\plugins\wp-rest-api-controller\admin\class-wp-rest-api-controller-admin.php on line 123
[26-Jul-2023 12:11:36 UTC] PHP Deprecated:  Constant FILTER_SANITIZE_STRING is deprecated in C:\laragon\www\wpproject\wp-content\plugins\wp-rest-api-controller\admin\class-wp-rest-api-controller-admin.php on line 123
[26-Jul-2023 12:11:50 UTC] PHP Deprecated:  Constant FILTER_SANITIZE_STRING is deprecated in C:\laragon\www\wpproject\wp-content\plugins\wp-rest-api-controller\admin\class-wp-rest-api-controller-admin.php on line 123
[26-Jul-2023 12:11:59 UTC] PHP Deprecated:  Constant FILTER_SANITIZE_STRING is deprecated in C:\laragon\www\wpproject\wp-content\plugins\wp-rest-api-controller\admin\class-wp-rest-api-controller-admin.php on line 123
[26-Jul-2023 12:12:00 UTC] PHP Deprecated:  Constant FILTER_SANITIZE_STRING is deprecated in C:\laragon\www\wpproject\wp-content\plugins\wp-rest-api-controller\admin\class-wp-rest-api-controller-admin.php on line 123
[26-Jul-2023 12:12:18 UTC] PHP Deprecated:  Constant FILTER_SANITIZE_STRING is deprecated in C:\laragon\www\wpproject\wp-content\plugins\wp-rest-api-controller\admin\class-wp-rest-api-controller-admin.php on line 123
[26-Jul-2023 12:12:27 UTC] PHP Deprecated:  Constant FILTER_SANITIZE_STRING is deprecated in C:\laragon\www\wpproject\wp-content\plugins\wp-rest-api-controller\admin\class-wp-rest-api-controller-admin.php on line 123
[26-Jul-2023 12:12:51 UTC] PHP Deprecated:  Constant FILTER_SANITIZE_STRING is deprecated in C:\laragon\www\wpproject\wp-content\plugins\wp-rest-api-controller\admin\class-wp-rest-api-controller-admin.php on line 123
[26-Jul-2023 12:12:58 UTC] PHP Deprecated:  Constant FILTER_SANITIZE_STRING is deprecated in C:\laragon\www\wpproject\wp-content\plugins\wp-rest-api-controller\admin\class-wp-rest-api-controller-admin.php on line 123
[26-Jul-2023 12:12:59 UTC] PHP Deprecated:  Constant FILTER_SANITIZE_STRING is deprecated in C:\laragon\www\wpproject\wp-content\plugins\wp-rest-api-controller\admin\class-wp-rest-api-controller-admin.php on line 123
[26-Jul-2023 12:14:43 UTC] PHP Deprecated:  Constant FILTER_SANITIZE_STRING is deprecated in C:\laragon\www\wpproject\wp-content\plugins\wp-rest-api-controller\admin\class-wp-rest-api-controller-admin.php on line 123
[26-Jul-2023 12:15:34 UTC] PHP Deprecated:  Constant FILTER_SANITIZE_STRING is deprecated in C:\laragon\www\wpproject\wp-content\plugins\wp-rest-api-controller\admin\class-wp-rest-api-controller-admin.php on line 123
[26-Jul-2023 12:15:37 UTC] PHP Deprecated:  Constant FILTER_SANITIZE_STRING is deprecated in C:\laragon\www\wpproject\wp-content\plugins\wp-rest-api-controller\admin\class-wp-rest-api-controller-admin.php on line 123
[26-Jul-2023 12:17:08 UTC] PHP Deprecated:  Constant FILTER_SANITIZE_STRING is deprecated in C:\laragon\www\wpproject\wp-content\plugins\wp-rest-api-controller\admin\class-wp-rest-api-controller-admin.php on line 123
[26-Jul-2023 12:24:11 UTC] PHP Deprecated:  Constant FILTER_SANITIZE_STRING is deprecated in C:\laragon\www\wpproject\wp-content\plugins\wp-rest-api-controller\admin\class-wp-rest-api-controller-admin.php on line 123
[26-Jul-2023 12:24:33 UTC] PHP Deprecated:  Constant FILTER_SANITIZE_STRING is deprecated in C:\laragon\www\wpproject\wp-content\plugins\wp-rest-api-controller\admin\class-wp-rest-api-controller-admin.php on line 123
[26-Jul-2023 12:24:45 UTC] PHP Deprecated:  Constant FILTER_SANITIZE_STRING is deprecated in C:\laragon\www\wpproject\wp-content\plugins\wp-rest-api-controller\admin\class-wp-rest-api-controller-admin.php on line 123
[26-Jul-2023 12:24:49 UTC] PHP Deprecated:  Constant FILTER_SANITIZE_STRING is deprecated in C:\laragon\www\wpproject\wp-content\plugins\wp-rest-api-controller\admin\class-wp-rest-api-controller-admin.php on line 123
[26-Jul-2023 12:25:06 UTC] PHP Deprecated:  Constant FILTER_SANITIZE_STRING is deprecated in C:\laragon\www\wpproject\wp-content\plugins\wp-rest-api-controller\admin\class-wp-rest-api-controller-admin.php on line 123
[26-Jul-2023 12:25:34 UTC] PHP Deprecated:  Constant FILTER_SANITIZE_STRING is deprecated in C:\laragon\www\wpproject\wp-content\plugins\wp-rest-api-controller\admin\class-wp-rest-api-controller-admin.php on line 123
[26-Jul-2023 13:59:53 UTC] PHP Deprecated:  version_compare(): Passing null to parameter #1 ($version1) of type string is deprecated in C:\laragon\www\wpproject\wp-content\plugins\elementor\core\upgrade\manager.php on line 63
[26-Jul-2023 13:59:53 UTC] PHP Deprecated:  version_compare(): Passing null to parameter #1 ($version1) of type string is deprecated in C:\laragon\www\wpproject\wp-content\plugins\elementor\core\upgrade\manager.php on line 63
[26-Jul-2023 13:59:53 UTC] PHP Deprecated:  version_compare(): Passing null to parameter #1 ($version1) of type string is deprecated in C:\laragon\www\wpproject\wp-content\plugins\elementor\core\upgrade\manager.php on line 63
[26-Jul-2023 13:59:53 UTC] PHP Deprecated:  version_compare(): Passing null to parameter #1 ($version1) of type string is deprecated in C:\laragon\www\wpproject\wp-content\plugins\elementor\core\upgrade\manager.php on line 63
[26-Jul-2023 13:59:53 UTC] PHP Deprecated:  version_compare(): Passing null to parameter #1 ($version1) of type string is deprecated in C:\laragon\www\wpproject\wp-content\plugins\elementor\core\upgrade\manager.php on line 63
[27-Jul-2023 15:10:44 UTC] PHP Warning:  Une erreur imprévue est survenue. Il pourrait y avoir un problème avec WordPress.org ou la configuration de ce serveur. Si vous continuez à rencontrer ce problème, veuillez vous rendre sur les <a href="https://wpfr.net/support">forums de support</a>. (WordPress n’a pas pu établir de connexion sécurisée vers WordPress.org. Veuillez contacter l’administrateur ou l’administratrice de votre serveur.) in C:\laragon\www\wpproject\wp-includes\update.php on line 209
[27-Jul-2023 15:10:47 UTC] PHP Warning:  Une erreur imprévue est survenue. Il pourrait y avoir un problème avec WordPress.org ou la configuration de ce serveur. Si vous continuez à rencontrer ce problème, veuillez vous rendre sur les <a href="https://wpfr.net/support">forums de support</a>. (WordPress n’a pas pu établir de connexion sécurisée vers WordPress.org. Veuillez contacter l’administrateur ou l’administratrice de votre serveur.) in C:\laragon\www\wpproject\wp-includes\update.php on line 447
[27-Jul-2023 15:10:50 UTC] PHP Warning:  Une erreur imprévue est survenue. Il pourrait y avoir un problème avec WordPress.org ou la configuration de ce serveur. Si vous continuez à rencontrer ce problème, veuillez vous rendre sur les <a href="https://wpfr.net/support">forums de support</a>. (WordPress n’a pas pu établir de connexion sécurisée vers WordPress.org. Veuillez contacter l’administrateur ou l’administratrice de votre serveur.) in C:\laragon\www\wpproject\wp-includes\update.php on line 728
[27-Jul-2023 15:22:49 UTC] PHP Deprecated:  Constant FILTER_SANITIZE_STRING is deprecated in C:\laragon\www\wpproject\wp-content\plugins\wp-rest-api-controller\admin\class-wp-rest-api-controller-admin.php on line 123
[27-Jul-2023 15:23:09 UTC] PHP Deprecated:  Constant FILTER_SANITIZE_STRING is deprecated in C:\laragon\www\wpproject\wp-content\plugins\wp-rest-api-controller\admin\class-wp-rest-api-controller-admin.php on line 123
[27-Jul-2023 15:23:18 UTC] PHP Deprecated:  Constant FILTER_SANITIZE_STRING is deprecated in C:\laragon\www\wpproject\wp-content\plugins\wp-rest-api-controller\admin\class-wp-rest-api-controller-admin.php on line 123
[27-Jul-2023 15:24:55 UTC] PHP Deprecated:  Constant FILTER_SANITIZE_STRING is deprecated in C:\laragon\www\wpproject\wp-content\plugins\wp-rest-api-controller\admin\class-wp-rest-api-controller-admin.php on line 123
[27-Jul-2023 15:25:19 UTC] PHP Deprecated:  Constant FILTER_SANITIZE_STRING is deprecated in C:\laragon\www\wpproject\wp-content\plugins\wp-rest-api-controller\admin\class-wp-rest-api-controller-admin.php on line 123
[27-Jul-2023 15:25:28 UTC] PHP Deprecated:  Constant FILTER_SANITIZE_STRING is deprecated in C:\laragon\www\wpproject\wp-content\plugins\wp-rest-api-controller\admin\class-wp-rest-api-controller-admin.php on line 123
[28-Jul-2023 13:05:52 UTC] PHP Deprecated:  trim(): Passing null to parameter #1 ($string) of type string is deprecated in C:\laragon\www\wpproject\wp-includes\pluggable.php on line 600
[28-Jul-2023 13:34:57 UTC] PHP Deprecated:  Constant FILTER_SANITIZE_STRING is deprecated in C:\laragon\www\wpproject\wp-content\plugins\wp-rest-api-controller\admin\class-wp-rest-api-controller-admin.php on line 123
[28-Jul-2023 13:35:15 UTC] PHP Deprecated:  Constant FILTER_SANITIZE_STRING is deprecated in C:\laragon\www\wpproject\wp-content\plugins\wp-rest-api-controller\admin\class-wp-rest-api-controller-admin.php on line 123
[28-Jul-2023 13:35:42 UTC] PHP Deprecated:  Constant FILTER_SANITIZE_STRING is deprecated in C:\laragon\www\wpproject\wp-content\plugins\wp-rest-api-controller\admin\class-wp-rest-api-controller-admin.php on line 123
[28-Jul-2023 13:35:59 UTC] PHP Deprecated:  Constant FILTER_SANITIZE_STRING is deprecated in C:\laragon\www\wpproject\wp-content\plugins\wp-rest-api-controller\admin\class-wp-rest-api-controller-admin.php on line 123
[28-Jul-2023 13:39:38 UTC] WordPress database error Table 'wp_projet_db.wp_wfblocks7' doesn't exist for query SELECT * FROM `wp_wfblocks7` WHERE `IP` = '\0\0\0\0\0\0\0\0\0\0\0\0\0\0\0' AND `type` = 7 AND (`expiration` = 0 OR `expiration` > UNIX_TIMESTAMP()) made by require_once('wp-load.php'), require_once('wp-config.php'), require_once('wp-settings.php'), include_once('/plugins/wordfence/wordfence.php'), wordfence::install_actions, wfBlock::lockoutForIP
[28-Jul-2023 13:39:38 UTC] WordPress database error Table 'wp_projet_db.wp_wfstatus' doesn't exist for query insert into wp_wfstatus (ctime, level, type, msg) values ('1690551578.757858', 2, 'info', 'Rescheduled missing daily cron') made by require_once('wp-load.php'), require_once('wp-config.php'), require_once('wp-settings.php'), do_action('plugins_loaded'), WP_Hook->do_action, WP_Hook->apply_filters, wordfence::veryFirstAction, wordfence::status, wfLog->addStatus, wfDB->queryWrite
[28-Jul-2023 13:39:39 UTC] WordPress database error Table 'wp_projet_db.wp_wfstatus' doesn't exist for query insert into wp_wfstatus (ctime, level, type, msg) values ('1690551579.613339', 2, 'info', 'Rescheduled missing hourly cron') made by require_once('wp-load.php'), require_once('wp-config.php'), require_once('wp-settings.php'), do_action('plugins_loaded'), WP_Hook->do_action, WP_Hook->apply_filters, wordfence::veryFirstAction, wordfence::status, wfLog->addStatus, wfDB->queryWrite
[28-Jul-2023 13:39:39 UTC] WordPress database error Table 'wp_projet_db.wp_wfhits' doesn't exist for query SELECT MAX(attackLogTime) FROM wp_wfhits made by require_once('wp-load.php'), require_once('wp-config.php'), require_once('wp-settings.php'), do_action('plugins_loaded'), WP_Hook->do_action, WP_Hook->apply_filters, wordfence::veryFirstAction
[28-Jul-2023 13:40:04 UTC] WordPress database error Table 'wp_projet_db.wp_wfblocks7' doesn't exist for query SELECT * FROM `wp_wfblocks7` WHERE `IP` = '\0\0\0\0\0\0\0\0\0\0\0\0\0\0\0' AND `type` = 7 AND (`expiration` = 0 OR `expiration` > UNIX_TIMESTAMP()) made by require('wp-blog-header.php'), require_once('wp-load.php'), require_once('wp-config.php'), require_once('wp-settings.php'), include_once('/plugins/wordfence/wordfence.php'), wordfence::install_actions, wfBlock::lockoutForIP
[28-Jul-2023 13:40:04 UTC] WordPress database error Table 'wp_projet_db.wp_wfhits' doesn't exist for query SELECT MAX(attackLogTime) FROM wp_wfhits made by require('wp-blog-header.php'), require_once('wp-load.php'), require_once('wp-config.php'), require_once('wp-settings.php'), do_action('plugins_loaded'), WP_Hook->do_action, WP_Hook->apply_filters, wordfence::veryFirstAction
[28-Jul-2023 13:41:04 UTC] PHP Deprecated:  Constant FILTER_SANITIZE_STRING is deprecated in C:\laragon\www\wpproject\wp-content\plugins\wp-rest-api-controller\admin\class-wp-rest-api-controller-admin.php on line 123
[28-Jul-2023 13:54:58 UTC] PHP Deprecated:  Constant FILTER_SANITIZE_STRING is deprecated in C:\laragon\www\wpproject\wp-content\plugins\wp-rest-api-controller\admin\class-wp-rest-api-controller-admin.php on line 123
[28-Jul-2023 13:55:07 UTC] PHP Deprecated:  Constant FILTER_SANITIZE_STRING is deprecated in C:\laragon\www\wpproject\wp-content\plugins\wp-rest-api-controller\admin\class-wp-rest-api-controller-admin.php on line 123
[28-Jul-2023 13:55:51 UTC] PHP Deprecated:  Constant FILTER_SANITIZE_STRING is deprecated in C:\laragon\www\wpproject\wp-content\plugins\wp-rest-api-controller\admin\class-wp-rest-api-controller-admin.php on line 123
[28-Jul-2023 13:55:56 UTC] PHP Deprecated:  Constant FILTER_SANITIZE_STRING is deprecated in C:\laragon\www\wpproject\wp-content\plugins\wp-rest-api-controller\admin\class-wp-rest-api-controller-admin.php on line 123
[28-Jul-2023 13:56:09 UTC] PHP Deprecated:  Constant FILTER_SANITIZE_STRING is deprecated in C:\laragon\www\wpproject\wp-content\plugins\wp-rest-api-controller\admin\class-wp-rest-api-controller-admin.php on line 123
[28-Jul-2023 13:56:26 UTC] PHP Deprecated:  Constant FILTER_SANITIZE_STRING is deprecated in C:\laragon\www\wpproject\wp-content\plugins\wp-rest-api-controller\admin\class-wp-rest-api-controller-admin.php on line 123
[28-Jul-2023 13:56:31 UTC] PHP Deprecated:  Constant FILTER_SANITIZE_STRING is deprecated in C:\laragon\www\wpproject\wp-content\plugins\wp-rest-api-controller\admin\class-wp-rest-api-controller-admin.php on line 123
[28-Jul-2023 15:49:10 UTC] PHP Warning:  Attempt to read property "title" on null in C:\laragon\www\wpproject\wp-includes\class-wp-customize-widgets.php on line 905
